
*** Running vivado
    with args -log mul_13bits.vds -m32 -mode batch -messageDb vivado.pb -source mul_13bits.tcl


****** Vivado v2014.2
  **** SW Build 932637 on Wed Jun 11 13:08:21 MDT 2014
  **** IP Build 924643 on Fri May 30 09:20:16 MDT 2014
    ** Copyright 1986-2014 Xilinx, Inc. All Rights Reserved.

source mul_13bits.tcl
# set_param gui.test TreeTableDev
# set_msg_config -id {HDL 9-1061} -limit 100000
# set_msg_config -id {HDL 9-1654} -limit 100000
# create_project -in_memory -part xc7vx485tffg1157-1
# set_property target_language Verilog [current_project]
# set_param project.compositeFile.enableAutoGeneration 0
# set_property default_lib xil_defaultlib [current_project]
# read_ip /home/david/Desktop/siggen-v2-vivado/siggen-v2-vivado.srcs/sources_1/ip/mul_13bits/mul_13bits.xci
INFO: [IP_Flow 19-234] Refreshing IP repositories
INFO: [IP_Flow 19-1704] No user IP repositories specified
INFO: [IP_Flow 19-2313] Loaded Vivado IP repository '/home/david/Xilinx/Vivado/2014.2/data/ip'.
WARNING: [IP_Flow 19-3664] IP 'mul_13bits' generated file not found '/home/david/Desktop/siggen-v2-vivado/siggen-v2-vivado.srcs/sources_1/ip/mul_13bits/mul_13bits.dcp'. Please regenerate to continue.
WARNING: [IP_Flow 19-3664] IP 'mul_13bits' generated file not found '/home/david/Desktop/siggen-v2-vivado/siggen-v2-vivado.srcs/sources_1/ip/mul_13bits/mul_13bits_stub.v'. Please regenerate to continue.
WARNING: [IP_Flow 19-3664] IP 'mul_13bits' generated file not found '/home/david/Desktop/siggen-v2-vivado/siggen-v2-vivado.srcs/sources_1/ip/mul_13bits/mul_13bits_stub.vhdl'. Please regenerate to continue.
WARNING: [IP_Flow 19-3664] IP 'mul_13bits' generated file not found '/home/david/Desktop/siggen-v2-vivado/siggen-v2-vivado.srcs/sources_1/ip/mul_13bits/mul_13bits_funcsim.v'. Please regenerate to continue.
WARNING: [IP_Flow 19-3664] IP 'mul_13bits' generated file not found '/home/david/Desktop/siggen-v2-vivado/siggen-v2-vivado.srcs/sources_1/ip/mul_13bits/mul_13bits_funcsim.vhdl'. Please regenerate to continue.
# set_msg_config -id {IP_Flow 19-2162} -severity warning -new_severity info
# set_property is_locked true [get_files /home/david/Desktop/siggen-v2-vivado/siggen-v2-vivado.srcs/sources_1/ip/mul_13bits/mul_13bits.xci]
# read_xdc dont_touch.xdc
# set_property used_in_implementation false [get_files dont_touch.xdc]
# set_param synth.vivado.isSynthRun true
# set_property webtalk.parent_dir /home/david/Desktop/siggen-v2-vivado/siggen-v2-vivado.cache/wt [current_project]
# set_property parent.project_dir /home/david/Desktop/siggen-v2-vivado [current_project]
# catch { write_hwdef -file mul_13bits.hwdef }
INFO: [Vivado_Tcl 4-279] hardware handoff file cannot be generated as there is no block diagram instance in the design
# synth_design -top mul_13bits -part xc7vx485tffg1157-1 -mode out_of_context
Command: synth_design -top mul_13bits -part xc7vx485tffg1157-1 -mode out_of_context

Starting synthesis...

Attempting to get a license for feature 'Synthesis' and/or device 'xc7vx485t'
INFO: [Common 17-349] Got license for feature 'Synthesis' and/or device 'xc7vx485t'
---------------------------------------------------------------------------------
Starting RTL Elaboration : Time (s): cpu = 00:00:05 ; elapsed = 00:00:05 . Memory (MB): peak = 513.941 ; gain = 103.059
---------------------------------------------------------------------------------
INFO: [Synth 8-638] synthesizing module 'mul_13bits' [/home/david/Desktop/siggen-v2-vivado/siggen-v2-vivado.srcs/sources_1/ip/mul_13bits/synth/mul_13bits.vhd:68]
INFO: [Synth 8-3491] module 'mult_gen_v12_0' declared at '/home/david/Desktop/siggen-v2-vivado/siggen-v2-vivado.srcs/sources_1/ip/mul_13bits/mult_gen_v12_0/hdl/mult_gen_v12_0.vhd:106' bound to instance 'U0' of component 'mult_gen_v12_0' [/home/david/Desktop/siggen-v2-vivado/siggen-v2-vivado.srcs/sources_1/ip/mul_13bits/synth/mul_13bits.vhd:116]
INFO: [Synth 8-638] synthesizing module 'mult_gen_v12_0__parameterized0' [/home/david/Desktop/siggen-v2-vivado/siggen-v2-vivado.srcs/sources_1/ip/mul_13bits/mult_gen_v12_0/hdl/mult_gen_v12_0.vhd:145]
INFO: [Synth 8-3491] module 'mult_gen_v12_0_viv' declared at '/home/david/Desktop/siggen-v2-vivado/siggen-v2-vivado.srcs/sources_1/ip/mul_13bits/mult_gen_v12_0/hdl/mult_gen_v12_0_viv.vhd:114' bound to instance 'i_mult' of component 'mult_gen_v12_0_viv' [/home/david/Desktop/siggen-v2-vivado/siggen-v2-vivado.srcs/sources_1/ip/mul_13bits/mult_gen_v12_0/hdl/mult_gen_v12_0.vhd:151]
INFO: [Synth 8-638] synthesizing module 'mult_gen_v12_0_viv__parameterized0' [/home/david/Desktop/siggen-v2-vivado/siggen-v2-vivado.srcs/sources_1/ip/mul_13bits/mult_gen_v12_0/hdl/mult_gen_v12_0_viv.vhd:163]
INFO: [Synth 8-638] synthesizing module 'luts' [/home/david/Desktop/siggen-v2-vivado/siggen-v2-vivado.srcs/sources_1/ip/mul_13bits/mult_gen_v12_0/hdl/luts.vhd:171]
INFO: [Synth 8-638] synthesizing module 'op_resize' [/home/david/Desktop/siggen-v2-vivado/siggen-v2-vivado.srcs/sources_1/ip/mul_13bits/mult_gen_v12_0/hdl/op_resize.vhd:130]
INFO: [Synth 8-256] done synthesizing module 'op_resize' (1#1) [/home/david/Desktop/siggen-v2-vivado/siggen-v2-vivado.srcs/sources_1/ip/mul_13bits/mult_gen_v12_0/hdl/op_resize.vhd:130]
INFO: [Synth 8-113] binding component instance 'ma0' to cell 'MULT_AND' [/home/david/Desktop/siggen-v2-vivado/siggen-v2-vivado.srcs/sources_1/ip/mul_13bits/mult_gen_v12_0/hdl/luts.vhd:789]
INFO: [Synth 8-113] binding component instance 'muxcy00' to cell 'MUXCY' [/home/david/Desktop/siggen-v2-vivado/siggen-v2-vivado.srcs/sources_1/ip/mul_13bits/mult_gen_v12_0/hdl/luts.vhd:794]
INFO: [Synth 8-113] binding component instance 'xorcy0' to cell 'XORCY' [/home/david/Desktop/siggen-v2-vivado/siggen-v2-vivado.srcs/sources_1/ip/mul_13bits/mult_gen_v12_0/hdl/luts.vhd:800]
INFO: [Synth 8-113] binding component instance 'ma0' to cell 'MULT_AND' [/home/david/Desktop/siggen-v2-vivado/siggen-v2-vivado.srcs/sources_1/ip/mul_13bits/mult_gen_v12_0/hdl/luts.vhd:810]
INFO: [Synth 8-113] binding component instance 'muxcy0' to cell 'MUXCY' [/home/david/Desktop/siggen-v2-vivado/siggen-v2-vivado.srcs/sources_1/ip/mul_13bits/mult_gen_v12_0/hdl/luts.vhd:815]
INFO: [Synth 8-113] binding component instance 'xorcy0' to cell 'XORCY' [/home/david/Desktop/siggen-v2-vivado/siggen-v2-vivado.srcs/sources_1/ip/mul_13bits/mult_gen_v12_0/hdl/luts.vhd:821]
INFO: [Synth 8-113] binding component instance 'ma0' to cell 'MULT_AND' [/home/david/Desktop/siggen-v2-vivado/siggen-v2-vivado.srcs/sources_1/ip/mul_13bits/mult_gen_v12_0/hdl/luts.vhd:810]
INFO: [Synth 8-113] binding component instance 'muxcy0' to cell 'MUXCY' [/home/david/Desktop/siggen-v2-vivado/siggen-v2-vivado.srcs/sources_1/ip/mul_13bits/mult_gen_v12_0/hdl/luts.vhd:815]
INFO: [Synth 8-113] binding component instance 'xorcy0' to cell 'XORCY' [/home/david/Desktop/siggen-v2-vivado/siggen-v2-vivado.srcs/sources_1/ip/mul_13bits/mult_gen_v12_0/hdl/luts.vhd:821]
INFO: [Synth 8-113] binding component instance 'ma0' to cell 'MULT_AND' [/home/david/Desktop/siggen-v2-vivado/siggen-v2-vivado.srcs/sources_1/ip/mul_13bits/mult_gen_v12_0/hdl/luts.vhd:810]
INFO: [Synth 8-113] binding component instance 'muxcy0' to cell 'MUXCY' [/home/david/Desktop/siggen-v2-vivado/siggen-v2-vivado.srcs/sources_1/ip/mul_13bits/mult_gen_v12_0/hdl/luts.vhd:815]
INFO: [Synth 8-113] binding component instance 'xorcy0' to cell 'XORCY' [/home/david/Desktop/siggen-v2-vivado/siggen-v2-vivado.srcs/sources_1/ip/mul_13bits/mult_gen_v12_0/hdl/luts.vhd:821]
INFO: [Synth 8-113] binding component instance 'ma0' to cell 'MULT_AND' [/home/david/Desktop/siggen-v2-vivado/siggen-v2-vivado.srcs/sources_1/ip/mul_13bits/mult_gen_v12_0/hdl/luts.vhd:810]
INFO: [Synth 8-113] binding component instance 'muxcy0' to cell 'MUXCY' [/home/david/Desktop/siggen-v2-vivado/siggen-v2-vivado.srcs/sources_1/ip/mul_13bits/mult_gen_v12_0/hdl/luts.vhd:815]
INFO: [Synth 8-113] binding component instance 'xorcy0' to cell 'XORCY' [/home/david/Desktop/siggen-v2-vivado/siggen-v2-vivado.srcs/sources_1/ip/mul_13bits/mult_gen_v12_0/hdl/luts.vhd:821]
INFO: [Synth 8-113] binding component instance 'ma0' to cell 'MULT_AND' [/home/david/Desktop/siggen-v2-vivado/siggen-v2-vivado.srcs/sources_1/ip/mul_13bits/mult_gen_v12_0/hdl/luts.vhd:810]
INFO: [Synth 8-113] binding component instance 'muxcy0' to cell 'MUXCY' [/home/david/Desktop/siggen-v2-vivado/siggen-v2-vivado.srcs/sources_1/ip/mul_13bits/mult_gen_v12_0/hdl/luts.vhd:815]
INFO: [Synth 8-113] binding component instance 'xorcy0' to cell 'XORCY' [/home/david/Desktop/siggen-v2-vivado/siggen-v2-vivado.srcs/sources_1/ip/mul_13bits/mult_gen_v12_0/hdl/luts.vhd:821]
INFO: [Synth 8-113] binding component instance 'ma0' to cell 'MULT_AND' [/home/david/Desktop/siggen-v2-vivado/siggen-v2-vivado.srcs/sources_1/ip/mul_13bits/mult_gen_v12_0/hdl/luts.vhd:810]
INFO: [Synth 8-113] binding component instance 'muxcy0' to cell 'MUXCY' [/home/david/Desktop/siggen-v2-vivado/siggen-v2-vivado.srcs/sources_1/ip/mul_13bits/mult_gen_v12_0/hdl/luts.vhd:815]
INFO: [Synth 8-113] binding component instance 'xorcy0' to cell 'XORCY' [/home/david/Desktop/siggen-v2-vivado/siggen-v2-vivado.srcs/sources_1/ip/mul_13bits/mult_gen_v12_0/hdl/luts.vhd:821]
INFO: [Synth 8-113] binding component instance 'ma0' to cell 'MULT_AND' [/home/david/Desktop/siggen-v2-vivado/siggen-v2-vivado.srcs/sources_1/ip/mul_13bits/mult_gen_v12_0/hdl/luts.vhd:810]
INFO: [Synth 8-113] binding component instance 'muxcy0' to cell 'MUXCY' [/home/david/Desktop/siggen-v2-vivado/siggen-v2-vivado.srcs/sources_1/ip/mul_13bits/mult_gen_v12_0/hdl/luts.vhd:815]
INFO: [Synth 8-113] binding component instance 'xorcy0' to cell 'XORCY' [/home/david/Desktop/siggen-v2-vivado/siggen-v2-vivado.srcs/sources_1/ip/mul_13bits/mult_gen_v12_0/hdl/luts.vhd:821]
INFO: [Synth 8-113] binding component instance 'ma0' to cell 'MULT_AND' [/home/david/Desktop/siggen-v2-vivado/siggen-v2-vivado.srcs/sources_1/ip/mul_13bits/mult_gen_v12_0/hdl/luts.vhd:810]
INFO: [Synth 8-113] binding component instance 'muxcy0' to cell 'MUXCY' [/home/david/Desktop/siggen-v2-vivado/siggen-v2-vivado.srcs/sources_1/ip/mul_13bits/mult_gen_v12_0/hdl/luts.vhd:815]
INFO: [Synth 8-113] binding component instance 'xorcy0' to cell 'XORCY' [/home/david/Desktop/siggen-v2-vivado/siggen-v2-vivado.srcs/sources_1/ip/mul_13bits/mult_gen_v12_0/hdl/luts.vhd:821]
INFO: [Synth 8-113] binding component instance 'ma0' to cell 'MULT_AND' [/home/david/Desktop/siggen-v2-vivado/siggen-v2-vivado.srcs/sources_1/ip/mul_13bits/mult_gen_v12_0/hdl/luts.vhd:810]
INFO: [Synth 8-113] binding component instance 'muxcy0' to cell 'MUXCY' [/home/david/Desktop/siggen-v2-vivado/siggen-v2-vivado.srcs/sources_1/ip/mul_13bits/mult_gen_v12_0/hdl/luts.vhd:815]
INFO: [Synth 8-113] binding component instance 'xorcy0' to cell 'XORCY' [/home/david/Desktop/siggen-v2-vivado/siggen-v2-vivado.srcs/sources_1/ip/mul_13bits/mult_gen_v12_0/hdl/luts.vhd:821]
INFO: [Synth 8-113] binding component instance 'ma0' to cell 'MULT_AND' [/home/david/Desktop/siggen-v2-vivado/siggen-v2-vivado.srcs/sources_1/ip/mul_13bits/mult_gen_v12_0/hdl/luts.vhd:810]
INFO: [Synth 8-113] binding component instance 'muxcy0' to cell 'MUXCY' [/home/david/Desktop/siggen-v2-vivado/siggen-v2-vivado.srcs/sources_1/ip/mul_13bits/mult_gen_v12_0/hdl/luts.vhd:815]
INFO: [Synth 8-113] binding component instance 'xorcy0' to cell 'XORCY' [/home/david/Desktop/siggen-v2-vivado/siggen-v2-vivado.srcs/sources_1/ip/mul_13bits/mult_gen_v12_0/hdl/luts.vhd:821]
INFO: [Synth 8-113] binding component instance 'ma0' to cell 'MULT_AND' [/home/david/Desktop/siggen-v2-vivado/siggen-v2-vivado.srcs/sources_1/ip/mul_13bits/mult_gen_v12_0/hdl/luts.vhd:810]
INFO: [Synth 8-113] binding component instance 'muxcy0' to cell 'MUXCY' [/home/david/Desktop/siggen-v2-vivado/siggen-v2-vivado.srcs/sources_1/ip/mul_13bits/mult_gen_v12_0/hdl/luts.vhd:815]
INFO: [Synth 8-113] binding component instance 'xorcy0' to cell 'XORCY' [/home/david/Desktop/siggen-v2-vivado/siggen-v2-vivado.srcs/sources_1/ip/mul_13bits/mult_gen_v12_0/hdl/luts.vhd:821]
INFO: [Synth 8-113] binding component instance 'ma0' to cell 'MULT_AND' [/home/david/Desktop/siggen-v2-vivado/siggen-v2-vivado.srcs/sources_1/ip/mul_13bits/mult_gen_v12_0/hdl/luts.vhd:810]
INFO: [Synth 8-113] binding component instance 'muxcy0' to cell 'MUXCY' [/home/david/Desktop/siggen-v2-vivado/siggen-v2-vivado.srcs/sources_1/ip/mul_13bits/mult_gen_v12_0/hdl/luts.vhd:815]
INFO: [Synth 8-113] binding component instance 'xorcy0' to cell 'XORCY' [/home/david/Desktop/siggen-v2-vivado/siggen-v2-vivado.srcs/sources_1/ip/mul_13bits/mult_gen_v12_0/hdl/luts.vhd:821]
INFO: [Synth 8-113] binding component instance 'ma0' to cell 'MULT_AND' [/home/david/Desktop/siggen-v2-vivado/siggen-v2-vivado.srcs/sources_1/ip/mul_13bits/mult_gen_v12_0/hdl/luts.vhd:810]
INFO: [Synth 8-113] binding component instance 'muxcy0' to cell 'MUXCY' [/home/david/Desktop/siggen-v2-vivado/siggen-v2-vivado.srcs/sources_1/ip/mul_13bits/mult_gen_v12_0/hdl/luts.vhd:815]
INFO: [Synth 8-113] binding component instance 'xorcy0' to cell 'XORCY' [/home/david/Desktop/siggen-v2-vivado/siggen-v2-vivado.srcs/sources_1/ip/mul_13bits/mult_gen_v12_0/hdl/luts.vhd:821]
INFO: [Synth 8-113] binding component instance 'xorcy0' to cell 'XORCY' [/home/david/Desktop/siggen-v2-vivado/siggen-v2-vivado.srcs/sources_1/ip/mul_13bits/mult_gen_v12_0/hdl/luts.vhd:832]
INFO: [Synth 8-113] binding component instance 'ma0' to cell 'MULT_AND' [/home/david/Desktop/siggen-v2-vivado/siggen-v2-vivado.srcs/sources_1/ip/mul_13bits/mult_gen_v12_0/hdl/luts.vhd:789]
INFO: [Synth 8-113] binding component instance 'muxcy00' to cell 'MUXCY' [/home/david/Desktop/siggen-v2-vivado/siggen-v2-vivado.srcs/sources_1/ip/mul_13bits/mult_gen_v12_0/hdl/luts.vhd:794]
INFO: [Synth 8-113] binding component instance 'xorcy0' to cell 'XORCY' [/home/david/Desktop/siggen-v2-vivado/siggen-v2-vivado.srcs/sources_1/ip/mul_13bits/mult_gen_v12_0/hdl/luts.vhd:800]
INFO: [Synth 8-113] binding component instance 'ma0' to cell 'MULT_AND' [/home/david/Desktop/siggen-v2-vivado/siggen-v2-vivado.srcs/sources_1/ip/mul_13bits/mult_gen_v12_0/hdl/luts.vhd:810]
INFO: [Synth 8-113] binding component instance 'muxcy0' to cell 'MUXCY' [/home/david/Desktop/siggen-v2-vivado/siggen-v2-vivado.srcs/sources_1/ip/mul_13bits/mult_gen_v12_0/hdl/luts.vhd:815]
INFO: [Synth 8-113] binding component instance 'xorcy0' to cell 'XORCY' [/home/david/Desktop/siggen-v2-vivado/siggen-v2-vivado.srcs/sources_1/ip/mul_13bits/mult_gen_v12_0/hdl/luts.vhd:821]
INFO: [Synth 8-113] binding component instance 'ma0' to cell 'MULT_AND' [/home/david/Desktop/siggen-v2-vivado/siggen-v2-vivado.srcs/sources_1/ip/mul_13bits/mult_gen_v12_0/hdl/luts.vhd:810]
INFO: [Synth 8-113] binding component instance 'muxcy0' to cell 'MUXCY' [/home/david/Desktop/siggen-v2-vivado/siggen-v2-vivado.srcs/sources_1/ip/mul_13bits/mult_gen_v12_0/hdl/luts.vhd:815]
INFO: [Synth 8-113] binding component instance 'xorcy0' to cell 'XORCY' [/home/david/Desktop/siggen-v2-vivado/siggen-v2-vivado.srcs/sources_1/ip/mul_13bits/mult_gen_v12_0/hdl/luts.vhd:821]
INFO: [Synth 8-113] binding component instance 'ma0' to cell 'MULT_AND' [/home/david/Desktop/siggen-v2-vivado/siggen-v2-vivado.srcs/sources_1/ip/mul_13bits/mult_gen_v12_0/hdl/luts.vhd:810]
INFO: [Synth 8-113] binding component instance 'muxcy0' to cell 'MUXCY' [/home/david/Desktop/siggen-v2-vivado/siggen-v2-vivado.srcs/sources_1/ip/mul_13bits/mult_gen_v12_0/hdl/luts.vhd:815]
INFO: [Synth 8-113] binding component instance 'xorcy0' to cell 'XORCY' [/home/david/Desktop/siggen-v2-vivado/siggen-v2-vivado.srcs/sources_1/ip/mul_13bits/mult_gen_v12_0/hdl/luts.vhd:821]
INFO: [Synth 8-113] binding component instance 'ma0' to cell 'MULT_AND' [/home/david/Desktop/siggen-v2-vivado/siggen-v2-vivado.srcs/sources_1/ip/mul_13bits/mult_gen_v12_0/hdl/luts.vhd:810]
INFO: [Synth 8-113] binding component instance 'muxcy0' to cell 'MUXCY' [/home/david/Desktop/siggen-v2-vivado/siggen-v2-vivado.srcs/sources_1/ip/mul_13bits/mult_gen_v12_0/hdl/luts.vhd:815]
INFO: [Synth 8-113] binding component instance 'xorcy0' to cell 'XORCY' [/home/david/Desktop/siggen-v2-vivado/siggen-v2-vivado.srcs/sources_1/ip/mul_13bits/mult_gen_v12_0/hdl/luts.vhd:821]
INFO: [Synth 8-113] binding component instance 'ma0' to cell 'MULT_AND' [/home/david/Desktop/siggen-v2-vivado/siggen-v2-vivado.srcs/sources_1/ip/mul_13bits/mult_gen_v12_0/hdl/luts.vhd:810]
INFO: [Synth 8-113] binding component instance 'muxcy0' to cell 'MUXCY' [/home/david/Desktop/siggen-v2-vivado/siggen-v2-vivado.srcs/sources_1/ip/mul_13bits/mult_gen_v12_0/hdl/luts.vhd:815]
INFO: [Synth 8-113] binding component instance 'xorcy0' to cell 'XORCY' [/home/david/Desktop/siggen-v2-vivado/siggen-v2-vivado.srcs/sources_1/ip/mul_13bits/mult_gen_v12_0/hdl/luts.vhd:821]
INFO: [Synth 8-113] binding component instance 'ma0' to cell 'MULT_AND' [/home/david/Desktop/siggen-v2-vivado/siggen-v2-vivado.srcs/sources_1/ip/mul_13bits/mult_gen_v12_0/hdl/luts.vhd:810]
INFO: [Synth 8-113] binding component instance 'muxcy0' to cell 'MUXCY' [/home/david/Desktop/siggen-v2-vivado/siggen-v2-vivado.srcs/sources_1/ip/mul_13bits/mult_gen_v12_0/hdl/luts.vhd:815]
INFO: [Synth 8-113] binding component instance 'xorcy0' to cell 'XORCY' [/home/david/Desktop/siggen-v2-vivado/siggen-v2-vivado.srcs/sources_1/ip/mul_13bits/mult_gen_v12_0/hdl/luts.vhd:821]
INFO: [Synth 8-113] binding component instance 'ma0' to cell 'MULT_AND' [/home/david/Desktop/siggen-v2-vivado/siggen-v2-vivado.srcs/sources_1/ip/mul_13bits/mult_gen_v12_0/hdl/luts.vhd:810]
INFO: [Synth 8-113] binding component instance 'muxcy0' to cell 'MUXCY' [/home/david/Desktop/siggen-v2-vivado/siggen-v2-vivado.srcs/sources_1/ip/mul_13bits/mult_gen_v12_0/hdl/luts.vhd:815]
INFO: [Synth 8-113] binding component instance 'xorcy0' to cell 'XORCY' [/home/david/Desktop/siggen-v2-vivado/siggen-v2-vivado.srcs/sources_1/ip/mul_13bits/mult_gen_v12_0/hdl/luts.vhd:821]
INFO: [Synth 8-113] binding component instance 'ma0' to cell 'MULT_AND' [/home/david/Desktop/siggen-v2-vivado/siggen-v2-vivado.srcs/sources_1/ip/mul_13bits/mult_gen_v12_0/hdl/luts.vhd:810]
INFO: [Synth 8-113] binding component instance 'muxcy0' to cell 'MUXCY' [/home/david/Desktop/siggen-v2-vivado/siggen-v2-vivado.srcs/sources_1/ip/mul_13bits/mult_gen_v12_0/hdl/luts.vhd:815]
INFO: [Synth 8-113] binding component instance 'xorcy0' to cell 'XORCY' [/home/david/Desktop/siggen-v2-vivado/siggen-v2-vivado.srcs/sources_1/ip/mul_13bits/mult_gen_v12_0/hdl/luts.vhd:821]
INFO: [Synth 8-113] binding component instance 'ma0' to cell 'MULT_AND' [/home/david/Desktop/siggen-v2-vivado/siggen-v2-vivado.srcs/sources_1/ip/mul_13bits/mult_gen_v12_0/hdl/luts.vhd:810]
INFO: [Synth 8-113] binding component instance 'muxcy0' to cell 'MUXCY' [/home/david/Desktop/siggen-v2-vivado/siggen-v2-vivado.srcs/sources_1/ip/mul_13bits/mult_gen_v12_0/hdl/luts.vhd:815]
INFO: [Synth 8-113] binding component instance 'xorcy0' to cell 'XORCY' [/home/david/Desktop/siggen-v2-vivado/siggen-v2-vivado.srcs/sources_1/ip/mul_13bits/mult_gen_v12_0/hdl/luts.vhd:821]
INFO: [Synth 8-113] binding component instance 'ma0' to cell 'MULT_AND' [/home/david/Desktop/siggen-v2-vivado/siggen-v2-vivado.srcs/sources_1/ip/mul_13bits/mult_gen_v12_0/hdl/luts.vhd:810]
INFO: [Synth 8-113] binding component instance 'muxcy0' to cell 'MUXCY' [/home/david/Desktop/siggen-v2-vivado/siggen-v2-vivado.srcs/sources_1/ip/mul_13bits/mult_gen_v12_0/hdl/luts.vhd:815]
INFO: [Synth 8-113] binding component instance 'xorcy0' to cell 'XORCY' [/home/david/Desktop/siggen-v2-vivado/siggen-v2-vivado.srcs/sources_1/ip/mul_13bits/mult_gen_v12_0/hdl/luts.vhd:821]
INFO: [Synth 8-113] binding component instance 'ma0' to cell 'MULT_AND' [/home/david/Desktop/siggen-v2-vivado/siggen-v2-vivado.srcs/sources_1/ip/mul_13bits/mult_gen_v12_0/hdl/luts.vhd:810]
INFO: [Synth 8-113] binding component instance 'muxcy0' to cell 'MUXCY' [/home/david/Desktop/siggen-v2-vivado/siggen-v2-vivado.srcs/sources_1/ip/mul_13bits/mult_gen_v12_0/hdl/luts.vhd:815]
INFO: [Synth 8-113] binding component instance 'xorcy0' to cell 'XORCY' [/home/david/Desktop/siggen-v2-vivado/siggen-v2-vivado.srcs/sources_1/ip/mul_13bits/mult_gen_v12_0/hdl/luts.vhd:821]
INFO: [Synth 8-113] binding component instance 'ma0' to cell 'MULT_AND' [/home/david/Desktop/siggen-v2-vivado/siggen-v2-vivado.srcs/sources_1/ip/mul_13bits/mult_gen_v12_0/hdl/luts.vhd:810]
INFO: [Synth 8-113] binding component instance 'muxcy0' to cell 'MUXCY' [/home/david/Desktop/siggen-v2-vivado/siggen-v2-vivado.srcs/sources_1/ip/mul_13bits/mult_gen_v12_0/hdl/luts.vhd:815]
INFO: [Synth 8-113] binding component instance 'xorcy0' to cell 'XORCY' [/home/david/Desktop/siggen-v2-vivado/siggen-v2-vivado.srcs/sources_1/ip/mul_13bits/mult_gen_v12_0/hdl/luts.vhd:821]
INFO: [Synth 8-113] binding component instance 'ma0' to cell 'MULT_AND' [/home/david/Desktop/siggen-v2-vivado/siggen-v2-vivado.srcs/sources_1/ip/mul_13bits/mult_gen_v12_0/hdl/luts.vhd:810]
INFO: [Synth 8-113] binding component instance 'muxcy0' to cell 'MUXCY' [/home/david/Desktop/siggen-v2-vivado/siggen-v2-vivado.srcs/sources_1/ip/mul_13bits/mult_gen_v12_0/hdl/luts.vhd:815]
INFO: [Synth 8-113] binding component instance 'xorcy0' to cell 'XORCY' [/home/david/Desktop/siggen-v2-vivado/siggen-v2-vivado.srcs/sources_1/ip/mul_13bits/mult_gen_v12_0/hdl/luts.vhd:821]
INFO: [Synth 8-113] binding component instance 'xorcy0' to cell 'XORCY' [/home/david/Desktop/siggen-v2-vivado/siggen-v2-vivado.srcs/sources_1/ip/mul_13bits/mult_gen_v12_0/hdl/luts.vhd:832]
INFO: [Synth 8-256] done synthesizing module 'luts' (2#1) [/home/david/Desktop/siggen-v2-vivado/siggen-v2-vivado.srcs/sources_1/ip/mul_13bits/mult_gen_v12_0/hdl/luts.vhd:171]
INFO: [Synth 8-256] done synthesizing module 'mult_gen_v12_0_viv__parameterized0' (3#1) [/home/david/Desktop/siggen-v2-vivado/siggen-v2-vivado.srcs/sources_1/ip/mul_13bits/mult_gen_v12_0/hdl/mult_gen_v12_0_viv.vhd:163]
INFO: [Synth 8-256] done synthesizing module 'mult_gen_v12_0__parameterized0' (4#1) [/home/david/Desktop/siggen-v2-vivado/siggen-v2-vivado.srcs/sources_1/ip/mul_13bits/mult_gen_v12_0/hdl/mult_gen_v12_0.vhd:145]
INFO: [Synth 8-256] done synthesizing module 'mul_13bits' (5#1) [/home/david/Desktop/siggen-v2-vivado/siggen-v2-vivado.srcs/sources_1/ip/mul_13bits/synth/mul_13bits.vhd:68]
---------------------------------------------------------------------------------
Finished RTL Elaboration : Time (s): cpu = 00:00:07 ; elapsed = 00:00:07 . Memory (MB): peak = 545.820 ; gain = 134.938
---------------------------------------------------------------------------------
---------------------------------------------------------------------------------
Start RTL Optimization
---------------------------------------------------------------------------------

Report Check Netlist: 
+------+------------------+-------+---------+-------+------------------+
|      |Item              |Errors |Warnings |Status |Description       |
+------+------------------+-------+---------+-------+------------------+
|1     |multi_driven_nets |      0|        0|Passed |Multi driven nets |
+------+------------------+-------+---------+-------+------------------+
INFO: [Netlist 29-17] Analyzing 58 Unisim elements for replacement
INFO: [Netlist 29-28] Unisim Transformation completed in 0 CPU seconds
Loading clock regions from /home/david/Xilinx/Vivado/2014.2/data/parts/xilinx/virtex7/virtex7/xc7vx485t/ClockRegion.xml
Loading clock buffers from /home/david/Xilinx/Vivado/2014.2/data/parts/xilinx/virtex7/virtex7/xc7vx485t/ClockBuffers.xml
Loading clock placement rules from /home/david/Xilinx/Vivado/2014.2/data/parts/xilinx/virtex7/ClockPlacerRules.xml
Loading package pin functions from /home/david/Xilinx/Vivado/2014.2/data/parts/xilinx/virtex7/PinFunctions.xml...
Loading package from /home/david/Xilinx/Vivado/2014.2/data/parts/xilinx/virtex7/virtex7/xc7vx485t/ffg1157/Package.xml
Loading io standards from /home/david/Xilinx/Vivado/2014.2/data/./parts/xilinx/virtex7/IOStandards.xml
Loading device configuration modes from /home/david/Xilinx/Vivado/2014.2/data/parts/xilinx/virtex7/ConfigModes.xml

Processing XDC Constraints
Parsing XDC File [/home/david/Desktop/siggen-v2-vivado/siggen-v2-vivado.srcs/sources_1/ip/mul_13bits/mul_13bits_ooc.xdc] for cell 'U0'
Finished Parsing XDC File [/home/david/Desktop/siggen-v2-vivado/siggen-v2-vivado.srcs/sources_1/ip/mul_13bits/mul_13bits_ooc.xdc] for cell 'U0'
Parsing XDC File [/home/david/Desktop/siggen-v2-vivado/siggen-v2-vivado.runs/mul_13bits_synth_1/dont_touch.xdc]
Finished Parsing XDC File [/home/david/Desktop/siggen-v2-vivado/siggen-v2-vivado.runs/mul_13bits_synth_1/dont_touch.xdc]
Completed Processing XDC Constraints

INFO: [Project 1-111] Unisim Transformation Summary:
  A total of 28 instances were transformed.
  MULT_AND => LUT2: 28 instances

---------------------------------------------------------------------------------
Start RTL Optimization
---------------------------------------------------------------------------------
---------------------------------------------------------------------------------
Start Loading Part and Timing Information
---------------------------------------------------------------------------------
Loading part: xc7vx485tffg1157-1
---------------------------------------------------------------------------------
Finished Loading Part and Timing Information : Time (s): cpu = 00:00:23 ; elapsed = 00:00:24 . Memory (MB): peak = 803.836 ; gain = 392.953
---------------------------------------------------------------------------------
---------------------------------------------------------------------------------
Start Applying 'set_property' XDC Constraints
---------------------------------------------------------------------------------
Applied set_property DONT_TOUCH = true for U0. (constraint file  /home/david/Desktop/siggen-v2-vivado/siggen-v2-vivado.runs/mul_13bits_synth_1/dont_touch.xdc, line 9).
---------------------------------------------------------------------------------
Finished applying 'set_property' XDC Constraints : Time (s): cpu = 00:00:23 ; elapsed = 00:00:24 . Memory (MB): peak = 803.836 ; gain = 392.953
---------------------------------------------------------------------------------
---------------------------------------------------------------------------------
Finished RTL Optimization : Time (s): cpu = 00:00:23 ; elapsed = 00:00:24 . Memory (MB): peak = 803.836 ; gain = 392.953
---------------------------------------------------------------------------------

Report RTL Partitions: 
+-+--------------+------------+----------+
| |RTL Partition |Replication |Instances |
+-+--------------+------------+----------+
+-+--------------+------------+----------+
---------------------------------------------------------------------------------
Start RTL Component Statistics 
---------------------------------------------------------------------------------
---------------------------------------------------------------------------------
Finished RTL Component Statistics 
---------------------------------------------------------------------------------
---------------------------------------------------------------------------------
Start RTL Hierarchical Component Statistics 
---------------------------------------------------------------------------------
---------------------------------------------------------------------------------
Finished RTL Hierarchical Component Statistics
---------------------------------------------------------------------------------
---------------------------------------------------------------------------------
Start Part Resource Summary
---------------------------------------------------------------------------------
Part Resources:
DSPs: 2800 (col length:140)
BRAMs: 2060 (col length: RAMB18 140 RAMB36 70)
---------------------------------------------------------------------------------
Finished Part Resource Summary
---------------------------------------------------------------------------------
Workers Ready, Starting Parallel Section  : Time (s): cpu = 00:00:23 ; elapsed = 00:00:24 . Memory (MB): peak = 803.836 ; gain = 392.953
---------------------------------------------------------------------------------
Start Cross Boundary Optimization
---------------------------------------------------------------------------------
---------------------------------------------------------------------------------
Finished Cross Boundary Optimization : Time (s): cpu = 00:00:23 ; elapsed = 00:00:24 . Memory (MB): peak = 803.836 ; gain = 392.953
---------------------------------------------------------------------------------
Finished Parallel Reinfer  : Time (s): cpu = 00:00:23 ; elapsed = 00:00:24 . Memory (MB): peak = 803.836 ; gain = 392.953
---------------------------------------------------------------------------------
Start Area Optimization
---------------------------------------------------------------------------------
---------------------------------------------------------------------------------
Finished Area Optimization : Time (s): cpu = 00:00:23 ; elapsed = 00:00:24 . Memory (MB): peak = 803.836 ; gain = 392.953
---------------------------------------------------------------------------------
Finished Parallel Area Opt  : Time (s): cpu = 00:00:23 ; elapsed = 00:00:24 . Memory (MB): peak = 803.836 ; gain = 392.953
Finished Parallel Section  : Time (s): cpu = 00:00:23 ; elapsed = 00:00:24 . Memory (MB): peak = 803.836 ; gain = 392.953
---------------------------------------------------------------------------------
Start Timing Optimization
---------------------------------------------------------------------------------
---------------------------------------------------------------------------------
Start Applying XDC Timing Constraints
---------------------------------------------------------------------------------
---------------------------------------------------------------------------------
Finished Applying XDC Timing Constraints : Time (s): cpu = 00:00:33 ; elapsed = 00:00:34 . Memory (MB): peak = 815.848 ; gain = 404.965
---------------------------------------------------------------------------------
---------------------------------------------------------------------------------
Finished Timing Optimization : Time (s): cpu = 00:00:33 ; elapsed = 00:00:34 . Memory (MB): peak = 815.848 ; gain = 404.965
---------------------------------------------------------------------------------
---------------------------------------------------------------------------------
Start Technology Mapping
---------------------------------------------------------------------------------
---------------------------------------------------------------------------------
Finished Technology Mapping : Time (s): cpu = 00:00:33 ; elapsed = 00:00:34 . Memory (MB): peak = 821.859 ; gain = 410.977
---------------------------------------------------------------------------------
---------------------------------------------------------------------------------
Start IO Insertion
---------------------------------------------------------------------------------
---------------------------------------------------------------------------------
Start Flattening Before IO Insertion
---------------------------------------------------------------------------------
---------------------------------------------------------------------------------
Finished Flattening Before IO Insertion
---------------------------------------------------------------------------------
---------------------------------------------------------------------------------
Start Final Netlist Cleanup
---------------------------------------------------------------------------------
---------------------------------------------------------------------------------
Finished Final Netlist Cleanup
---------------------------------------------------------------------------------
---------------------------------------------------------------------------------
Finished IO Insertion : Time (s): cpu = 00:00:33 ; elapsed = 00:00:34 . Memory (MB): peak = 821.863 ; gain = 410.980
---------------------------------------------------------------------------------

Report Check Netlist: 
+------+------------------+-------+---------+-------+------------------+
|      |Item              |Errors |Warnings |Status |Description       |
+------+------------------+-------+---------+-------+------------------+
|1     |multi_driven_nets |      0|        0|Passed |Multi driven nets |
+------+------------------+-------+---------+-------+------------------+
---------------------------------------------------------------------------------
Start Renaming Generated Instances
---------------------------------------------------------------------------------
---------------------------------------------------------------------------------
Finished Renaming Generated Instances : Time (s): cpu = 00:00:33 ; elapsed = 00:00:34 . Memory (MB): peak = 821.863 ; gain = 410.980
---------------------------------------------------------------------------------
---------------------------------------------------------------------------------
Start Rebuilding User Hierarchy
---------------------------------------------------------------------------------
---------------------------------------------------------------------------------
Finished Rebuilding User Hierarchy : Time (s): cpu = 00:00:33 ; elapsed = 00:00:34 . Memory (MB): peak = 821.863 ; gain = 410.980
---------------------------------------------------------------------------------
---------------------------------------------------------------------------------
Start Writing Synthesis Report
---------------------------------------------------------------------------------

Report BlackBoxes: 
+-+--------------+----------+
| |BlackBox name |Instances |
+-+--------------+----------+
+-+--------------+----------+

Report Cell Usage: 
+------+---------+------+
|      |Cell     |Count |
+------+---------+------+
|1     |CARRY4   |     8|
|2     |LUT1     |     4|
|3     |LUT2     |    31|
|4     |LUT3     |    12|
|5     |LUT4     |    24|
|6     |MULT_AND |    28|
|7     |MUXCY    |    28|
|8     |XORCY    |    30|
|9     |FDRE     |    18|
+------+---------+------+
---------------------------------------------------------------------------------
Finished Writing Synthesis Report : Time (s): cpu = 00:00:33 ; elapsed = 00:00:34 . Memory (MB): peak = 821.863 ; gain = 410.980
---------------------------------------------------------------------------------
Synthesis finished with 0 errors, 0 critical warnings and 0 warnings.
Synthesis Optimization Complete : Time (s): cpu = 00:00:33 ; elapsed = 00:00:34 . Memory (MB): peak = 821.863 ; gain = 410.980
INFO: [Netlist 29-17] Analyzing 66 Unisim elements for replacement
INFO: [Netlist 29-28] Unisim Transformation completed in 0 CPU seconds
Parsing XDC File [/home/david/Desktop/siggen-v2-vivado/siggen-v2-vivado.srcs/sources_1/ip/mul_13bits/mul_13bits_ooc.xdc] for cell 'U0'
Finished Parsing XDC File [/home/david/Desktop/siggen-v2-vivado/siggen-v2-vivado.srcs/sources_1/ip/mul_13bits/mul_13bits_ooc.xdc] for cell 'U0'
INFO: [Opt 31-138] Pushed 0 inverter(s) to 0 load pin(s).
INFO: [Project 1-111] Unisim Transformation Summary:
  A total of 36 instances were transformed.
  (MUXCY,XORCY) => CARRY4: 8 instances
  MULT_AND => LUT2: 28 instances

INFO: [Common 17-83] Releasing license: Synthesis
107 Infos, 0 Warnings, 0 Critical Warnings and 0 Errors encountered.
synth_design completed successfully
synth_design: Time (s): cpu = 00:00:33 ; elapsed = 00:00:34 . Memory (MB): peak = 826.863 ; gain = 336.922
# rename_ref -prefix_all mul_13bits_
INFO: [Coretcl 2-1174] Renamed 3 cell refs.
# write_checkpoint -noxdef mul_13bits.dcp
# report_utilization -file mul_13bits_utilization_synth.rpt -pb mul_13bits_utilization_synth.pb
report_utilization: Time (s): cpu = 00:00:00.11 ; elapsed = 00:00:00.13 . Memory (MB): peak = 826.863 ; gain = 0.000
# if { [catch {
#   file copy -force /home/david/Desktop/siggen-v2-vivado/siggen-v2-vivado.runs/mul_13bits_synth_1/mul_13bits.dcp /home/david/Desktop/siggen-v2-vivado/siggen-v2-vivado.srcs/sources_1/ip/mul_13bits/mul_13bits.dcp
#   write_verilog -force -mode synth_stub /home/david/Desktop/siggen-v2-vivado/siggen-v2-vivado.srcs/sources_1/ip/mul_13bits/mul_13bits_stub.v
#   write_vhdl -force -mode synth_stub /home/david/Desktop/siggen-v2-vivado/siggen-v2-vivado.srcs/sources_1/ip/mul_13bits/mul_13bits_stub.vhdl
#   write_verilog -force -mode funcsim /home/david/Desktop/siggen-v2-vivado/siggen-v2-vivado.srcs/sources_1/ip/mul_13bits/mul_13bits_funcsim.v
#   write_vhdl -force -mode funcsim /home/david/Desktop/siggen-v2-vivado/siggen-v2-vivado.srcs/sources_1/ip/mul_13bits/mul_13bits_funcsim.vhdl
# } _RESULT ] } { 
#   send_msg_id runtcl-3 error "Unable to successfully create or copy supporting IP files."
#   return -code error
# }
INFO: [Common 17-206] Exiting Vivado at Mon Apr  4 15:16:41 2016...
