This is pdfTeX, Version 3.1415926-1.40.11 (MiKTeX 2.9) (preloaded format=latex 2015.4.9)  10 JUN 2016 19:14
entering extended mode
**bare_adv.tex
(C:\Users\RSPC\Dropbox\LDGM_Code\paper\IEEEtran\bare_adv.tex
LaTeX2e <2009/09/24>
Babel <v3.8l> and hyphenation patterns for loaded.
(C:\Users\RSPC\Dropbox\LDGM_Code\paper\IEEEtran\IEEEtran.cls
Document Class: IEEEtran 2015/08/26 V1.8b by Michael Shell
-- See the "IEEEtran_HOWTO" manual for usage information.
-- http://www.michaelshell.org/tex/ieeetran/
\@IEEEtrantmpdimenA=\dimen102
\@IEEEtrantmpdimenB=\dimen103
\@IEEEtrantmpdimenC=\dimen104
\@IEEEtrantmpcountA=\count79
\@IEEEtrantmpcountB=\count80
\@IEEEtrantmpcountC=\count81
\@IEEEtrantmptoksA=\toks14
LaTeX Font Info:    Try loading font information for OT1+ppl on input line 503.

("C:\Program Files (x86)\CTEX\MiKTeX\tex\latex\psnfss\ot1ppl.fd"
File: ot1ppl.fd 2001/06/04 font definitions for OT1/ppl.
)
-- Using IEEE Computer Society mode.
-- Using 8.5in x 11in (letter) paper.
-- Using DVI output.
\@IEEEnormalsizeunitybaselineskip=\dimen105
-- This is a 10 point document.
\CLASSINFOnormalsizebaselineskip=\dimen106
\CLASSINFOnormalsizeunitybaselineskip=\dimen107
\IEEEnormaljot=\dimen108
LaTeX Font Info:    Font shape `OT1/ppl/bx/n' in size <5.01874> not available
(Font)              Font shape `OT1/ppl/b/n' tried instead on input line 1090.
LaTeX Font Info:    Font shape `OT1/ppl/bx/it' in size <5.01874> not available
(Font)              Font shape `OT1/ppl/b/it' tried instead on input line 1090.

LaTeX Font Info:    Font shape `OT1/ppl/bx/n' in size <7.02625> not available
(Font)              Font shape `OT1/ppl/b/n' tried instead on input line 1090.
LaTeX Font Info:    Font shape `OT1/ppl/bx/it' in size <7.02625> not available
(Font)              Font shape `OT1/ppl/b/it' tried instead on input line 1090.

LaTeX Font Info:    Font shape `OT1/ppl/bx/n' in size <8.03> not available
(Font)              Font shape `OT1/ppl/b/n' tried instead on input line 1090.
LaTeX Font Info:    Font shape `OT1/ppl/bx/it' in size <8.03> not available
(Font)              Font shape `OT1/ppl/b/it' tried instead on input line 1090.

LaTeX Font Info:    Font shape `OT1/ppl/bx/n' in size <9.03374> not available
(Font)              Font shape `OT1/ppl/b/n' tried instead on input line 1090.
LaTeX Font Info:    Font shape `OT1/ppl/bx/it' in size <9.03374> not available
(Font)              Font shape `OT1/ppl/b/it' tried instead on input line 1090.

LaTeX Font Info:    Font shape `OT1/ppl/bx/n' in size <9.53561> not available
(Font)              Font shape `OT1/ppl/b/n' tried instead on input line 1090.
LaTeX Font Info:    Font shape `OT1/ppl/bx/it' in size <9.53561> not available
(Font)              Font shape `OT1/ppl/b/it' tried instead on input line 1090.

LaTeX Font Info:    Font shape `OT1/ppl/bx/n' in size <11.04124> not available
(Font)              Font shape `OT1/ppl/b/n' tried instead on input line 1090.
LaTeX Font Info:    Font shape `OT1/ppl/bx/it' in size <11.04124> not available

(Font)              Font shape `OT1/ppl/b/it' tried instead on input line 1090.

LaTeX Font Info:    Font shape `OT1/ppl/bx/n' in size <12.045> not available
(Font)              Font shape `OT1/ppl/b/n' tried instead on input line 1090.
LaTeX Font Info:    Font shape `OT1/ppl/bx/it' in size <12.045> not available
(Font)              Font shape `OT1/ppl/b/it' tried instead on input line 1090.

LaTeX Font Info:    Font shape `OT1/ppl/bx/n' in size <17.06374> not available
(Font)              Font shape `OT1/ppl/b/n' tried instead on input line 1090.
LaTeX Font Info:    Font shape `OT1/ppl/bx/it' in size <17.06374> not available

(Font)              Font shape `OT1/ppl/b/it' tried instead on input line 1090.

LaTeX Font Info:    Font shape `OT1/ppl/bx/n' in size <20.075> not available
(Font)              Font shape `OT1/ppl/b/n' tried instead on input line 1090.
LaTeX Font Info:    Font shape `OT1/ppl/bx/it' in size <20.075> not available
(Font)              Font shape `OT1/ppl/b/it' tried instead on input line 1090.

LaTeX Font Info:    Font shape `OT1/ppl/bx/n' in size <24.09> not available
(Font)              Font shape `OT1/ppl/b/n' tried instead on input line 1090.
LaTeX Font Info:    Font shape `OT1/ppl/bx/it' in size <24.09> not available
(Font)              Font shape `OT1/ppl/b/it' tried instead on input line 1090.

\IEEEquantizedlength=\dimen109
\IEEEquantizedlengthdiff=\dimen110
\IEEEquantizedtextheightdiff=\dimen111
\IEEEilabelindentA=\dimen112
\IEEEilabelindentB=\dimen113
\IEEEilabelindent=\dimen114
\IEEEelabelindent=\dimen115
\IEEEdlabelindent=\dimen116
\IEEElabelindent=\dimen117
\IEEEiednormlabelsep=\dimen118
\IEEEiedmathlabelsep=\dimen119
\IEEEiedtopsep=\skip41
\c@section=\count82
\c@subsection=\count83
\c@subsubsection=\count84
\c@paragraph=\count85
\c@IEEEsubequation=\count86
\abovecaptionskip=\skip42
\belowcaptionskip=\skip43
\c@figure=\count87
\c@table=\count88
\@IEEEeqnnumcols=\count89
\@IEEEeqncolcnt=\count90
\@IEEEsubeqnnumrollback=\count91
\@IEEEquantizeheightA=\dimen120
\@IEEEquantizeheightB=\dimen121
\@IEEEquantizeheightC=\dimen122
\@IEEEquantizeprevdepth=\dimen123
\@IEEEquantizemultiple=\count92
\@IEEEquantizeboxA=\box26
\@IEEEtmpitemindent=\dimen124
\IEEEPARstartletwidth=\dimen125
\c@IEEEbiography=\count93
\@IEEEtranrubishbin=\box27
) ("C:\Program Files (x86)\CTEX\MiKTeX\tex\latex\cite\cite.sty"
LaTeX Info: Redefining \cite on input line 302.
LaTeX Info: Redefining \nocite on input line 373.
Package: cite 2010/09/10  v 5.3
)
("C:\Program Files (x86)\CTEX\MiKTeX\tex\latex\graphics\graphicx.sty"
Package: graphicx 1999/02/16 v1.0f Enhanced LaTeX Graphics (DPC,SPQR)

("C:\Program Files (x86)\CTEX\MiKTeX\tex\latex\graphics\keyval.sty"
Package: keyval 1999/03/16 v1.13 key=value parser (DPC)
\KV@toks@=\toks15
)
("C:\Program Files (x86)\CTEX\MiKTeX\tex\latex\graphics\graphics.sty"
Package: graphics 2009/02/05 v1.0o Standard LaTeX Graphics (DPC,SPQR)

("C:\Program Files (x86)\CTEX\MiKTeX\tex\latex\graphics\trig.sty"
Package: trig 1999/03/16 v1.09 sin cos tan (DPC)
)
("C:\Program Files (x86)\CTEX\MiKTeX\tex\latex\00miktex\graphics.cfg"
File: graphics.cfg 2007/01/18 v1.5 graphics configuration of teTeX/TeXLive
)
Package graphics Info: Driver file: dvips.def on input line 91.

("C:\Program Files (x86)\CTEX\MiKTeX\tex\latex\graphics\dvips.def"
File: dvips.def 1999/02/16 v3.0i Driver-dependant file (DPC,SPQR)
))
\Gin@req@height=\dimen126
\Gin@req@width=\dimen127
)
("C:\Program Files (x86)\CTEX\MiKTeX\tex\latex\ams\math\amsmath.sty"
Package: amsmath 2000/07/18 v2.13 AMS math features
\@mathmargin=\skip44

For additional information on amsmath, use the `?' option.
("C:\Program Files (x86)\CTEX\MiKTeX\tex\latex\ams\math\amstext.sty"
Package: amstext 2000/06/29 v2.01

("C:\Program Files (x86)\CTEX\MiKTeX\tex\latex\ams\math\amsgen.sty"
File: amsgen.sty 1999/11/30 v2.0
\@emptytoks=\toks16
\ex@=\dimen128
))
("C:\Program Files (x86)\CTEX\MiKTeX\tex\latex\ams\math\amsbsy.sty"
Package: amsbsy 1999/11/29 v1.2d
\pmbraise@=\dimen129
)
("C:\Program Files (x86)\CTEX\MiKTeX\tex\latex\ams\math\amsopn.sty"
Package: amsopn 1999/12/14 v2.01 operator names
)
\inf@bad=\count94
LaTeX Info: Redefining \frac on input line 211.
\uproot@=\count95
\leftroot@=\count96
LaTeX Info: Redefining \overline on input line 307.
\classnum@=\count97
\DOTSCASE@=\count98
LaTeX Info: Redefining \ldots on input line 379.
LaTeX Info: Redefining \dots on input line 382.
LaTeX Info: Redefining \cdots on input line 467.
\Mathstrutbox@=\box28
\strutbox@=\box29
\big@size=\dimen130
LaTeX Font Info:    Redeclaring font encoding OML on input line 567.
LaTeX Font Info:    Redeclaring font encoding OMS on input line 568.
\macc@depth=\count99
\c@MaxMatrixCols=\count100
\dotsspace@=\muskip10
\c@parentequation=\count101
\dspbrk@lvl=\count102
\tag@help=\toks17
\row@=\count103
\column@=\count104
\maxfields@=\count105
\andhelp@=\toks18
\eqnshift@=\dimen131
\alignsep@=\dimen132
\tagshift@=\dimen133
\tagwidth@=\dimen134
\totwidth@=\dimen135
\lineht@=\dimen136
\@envbody=\toks19
\multlinegap=\skip45
\multlinetaggap=\skip46
\mathdisplay@stack=\toks20
LaTeX Info: Redefining \[ on input line 2666.
LaTeX Info: Redefining \] on input line 2667.
)
("C:\Program Files (x86)\CTEX\MiKTeX\tex\latex\listings\listings.sty"
\lst@mode=\count106
\lst@gtempboxa=\box30
\lst@token=\toks21
\lst@length=\count107
\lst@currlwidth=\dimen137
\lst@column=\count108
\lst@pos=\count109
\lst@lostspace=\dimen138
\lst@width=\dimen139
\lst@newlines=\count110
\lst@lineno=\count111
\lst@maxwidth=\dimen140

("C:\Program Files (x86)\CTEX\MiKTeX\tex\latex\listings\lstmisc.sty"
File: lstmisc.sty 2007/02/22 1.4 (Carsten Heinz)
\c@lstnumber=\count112
\lst@skipnumbers=\count113
\lst@framebox=\box31
)
("C:\Program Files (x86)\CTEX\MiKTeX\tex\latex\listings\listings.cfg"
File: listings.cfg 2007/02/22 1.4 listings configuration
))
Package: listings 2007/02/22 1.4 (Carsten Heinz)

("C:\Program Files (x86)\CTEX\MiKTeX\tex\latex\algorithm2e\algorithm2e.sty"
Package: algorithm2e 2008/00/00 v3.10 algorithms environments
\c@AlgoLine=\count114

("C:\Program Files (x86)\CTEX\MiKTeX\tex\latex\base\ifthen.sty"
Package: ifthen 2001/05/26 v1.1c Standard LaTeX ifthen package (DPC)
)
("C:\Program Files (x86)\CTEX\MiKTeX\tex\latex\tools\xspace.sty"
Package: xspace 2006/05/08 v1.12 Space after command names (DPC,MH)
)
("C:\Program Files (x86)\CTEX\MiKTeX\tex\latex\ltxmisc\relsize.sty"
Package: relsize 2003/07/04 ver 3.1
)
********************************************************
Package `algorithm2e' Release 4.01 -- december 14 2009 --
- algorithm2e-announce@lirmm.fr mailing list for announcement about releases
- algorithm2e-discussion@lirmm.fr mailing list for discussion about package
subscribe by emailing sympa@lirmm.fr with 'subscribe <list> <firstname name>'
- Author: Christophe Fiorio (fiorio@lirmm.fr)
********************************************************
\skiptotal=\skip47
\skiplinenumber=\skip48
\skiprule=\skip49
\skiphlne=\skip50
\skiptext=\skip51
\skiplength=\skip52
\algomargin=\skip53
\skipalgocfslide=\skip54
\algowidth=\dimen141
\inoutsize=\dimen142
\inoutline=\dimen143
\interspacetitleruled=\dimen144
\interspacealgoruled=\dimen145
\interspacetitleboxruled=\dimen146
\algocf@inoutbox=\box32
\algocf@inputbox=\box33
\AlCapSkip=\skip55
\AlCapHSkip=\skip56
\algocf@nlbox=\box34
\algocf@hangingbox=\box35
\algocf@capbox=\box36
\algoheightruledefault=\skip57
\algoheightrule=\skip58
\algotitleheightruledefault=\skip59
\algotitleheightrule=\skip60
\c@algocfline=\count115
\c@algocfproc=\count116
\c@algocf=\count117
\algocf@algoframe=\box37
\algocf@algobox=\box38
) ("C:\Program Files (x86)\CTEX\MiKTeX\tex\latex\tools\array.sty"
Package: array 2008/09/09 v2.4c Tabular extension package (FMi)
\col@sep=\dimen147
\extrarowheight=\dimen148
\NC@list=\toks22
\extratabsurround=\skip61
\backup@length=\skip62
)
("C:\Program Files (x86)\CTEX\MiKTeX\tex\latex\ltxmisc\url.sty"
\Urlmuskip=\muskip11
Package: url 2006/04/12  ver 3.3  Verb mode for urls, etc.
)
("C:\Program Files (x86)\CTEX\MiKTeX\tex\latex\multirow\multirow.sty"
\bigstrutjot=\dimen149
)
("C:\Program Files (x86)\CTEX\MiKTeX\tex\latex\footmisc\footmisc.sty"
Package: footmisc 2009/09/15 v5.5a a miscellany of footnote facilities
\FN@temptoken=\toks23
\footnotemargin=\dimen150
\c@pp@next@reset=\count118
Package footmisc Info: Declaring symbol style bringhurst on input line 855.
Package footmisc Info: Declaring symbol style chicago on input line 863.
Package footmisc Info: Declaring symbol style wiley on input line 872.
Package footmisc Info: Declaring symbol style lamport-robust on input line 883.

Package footmisc Info: Declaring symbol style lamport* on input line 903.
Package footmisc Info: Declaring symbol style lamport*-robust on input line 924
.
)
("C:\Program Files (x86)\CTEX\MiKTeX\tex\latex\mdwtools\footnote.sty"
Package: footnote 1997/01/28 1.13 Save footnotes around boxes
\fn@notes=\box39
\fn@width=\dimen151
)
("C:\Program Files (x86)\CTEX\MiKTeX\tex\latex\threeparttable\threeparttable.st
y"
Package: threeparttable 2003/06/13  v 3.0
\@tempboxb=\box40
) ("C:\Program Files (x86)\CTEX\MiKTeX\tex\latex\caption\caption.sty"
Package: caption 2010/01/09 v3.1m Customizing captions (AR)

("C:\Program Files (x86)\CTEX\MiKTeX\tex\latex\caption\caption3.sty"
Package: caption3 2010/01/14 v3.1m caption3 kernel (AR)
\captionmargin=\dimen152
\captionmargin@=\dimen153
\captionwidth=\dimen154
\caption@indent=\dimen155
\caption@parindent=\dimen156
\caption@hangindent=\dimen157
Package caption Info: Unknown document class (or package),
(caption)             standard defaults will be used on input line 1084.
)

Package caption Warning: Unsupported document class (or package) detected,
(caption)                usage of the caption package is not recommended.
See the caption package documentation for explanation.

Package caption Info: \@makecaption = \long macro:#1#2->\ifx \@captype \@IEEEta
blestring \footnotesize \bgroup \par \centering \@IEEEtabletopskipstrut {\norma
lfont \sffamily \footnotesize #1}\\{\normalfont \sffamily \footnotesize #2}\par
 \addvspace {0.5\baselineskip }\egroup \@IEEEtablecaptionsepspace \else \@IEEEf
igurecaptionsepspace \setbox \@tempboxa \hbox {\normalfont \sffamily \footnotes
ize {#1.}\nobreakspace #2}\ifdim \wd \@tempboxa >\hsize \setbox \@tempboxa \hbo
x {\normalfont \sffamily \footnotesize {#1.}\nobreakspace }\parbox [t]{\hsize }
{\normalfont \sffamily \footnotesize \noindent \unhbox \@tempboxa #2}\else \hbo
x to\hsize {\normalfont \sffamily \footnotesize \box \@tempboxa \hfil }\fi \fi 
.
\c@ContinuedFloat=\count119
Package caption Info: listings package is loaded.
Package caption Info: threeparttable package is loaded.
) ("C:\Program Files (x86)\CTEX\MiKTeX\tex\latex\caption\subcaption.sty"
Package: subcaption 2008/08/31 v1.0b Adding subcaptions (AR)
\c@subfigure=\count120
\c@subtable=\count121
)
("C:\Program Files (x86)\CTEX\MiKTeX\tex\latex\placeins\placeins.sty"
Package: placeins 2005/04/18  v 2.2
)
(C:\Users\RSPC\Dropbox\LDGM_Code\paper\IEEEtran\bare_adv.aux)
LaTeX Font Info:    Checking defaults for OML/cmm/m/it on input line 551.
LaTeX Font Info:    ... okay on input line 551.
LaTeX Font Info:    Checking defaults for T1/cmr/m/n on input line 551.
LaTeX Font Info:    ... okay on input line 551.
LaTeX Font Info:    Checking defaults for OT1/cmr/m/n on input line 551.
LaTeX Font Info:    ... okay on input line 551.
LaTeX Font Info:    Checking defaults for OMS/cmsy/m/n on input line 551.
LaTeX Font Info:    ... okay on input line 551.
LaTeX Font Info:    Checking defaults for OMX/cmex/m/n on input line 551.
LaTeX Font Info:    ... okay on input line 551.
LaTeX Font Info:    Checking defaults for U/cmr/m/n on input line 551.
LaTeX Font Info:    ... okay on input line 551.

-- Lines per column: 61 (exact).
\c@lstlisting=\count122
Package caption Info: Begin \AtBeginDocument code.
Package caption Info: End \AtBeginDocument code.
LaTeX Font Info:    Try loading font information for OT1+phv on input line 672.

("C:\Program Files (x86)\CTEX\MiKTeX\tex\latex\psnfss\ot1phv.fd"
File: ot1phv.fd 2001/06/04 scalable font definitions for OT1/phv.
)
LaTeX Font Info:    Font shape `OT1/phv/m/it' in size <11.04124> not available
(Font)              Font shape `OT1/phv/m/sl' tried instead on input line 672.
LaTeX Font Info:    Font shape `OT1/phv/bx/n' in size <8.03> not available
(Font)              Font shape `OT1/phv/b/n' tried instead on input line 672.
LaTeX Font Info:    Calculating math sizes for size <11.04124> on input line 67
2.
LaTeX Font Info:    Try loading font information for U+pzd on input line 672.

("C:\Program Files (x86)\CTEX\MiKTeX\tex\latex\psnfss\upzd.fd"
File: upzd.fd 2001/06/04 font definitions for U/pzd.
)
LaTeX Font Info:    Font shape `OT1/phv/bx/n' in size <11.04124> not available
(Font)              Font shape `OT1/phv/b/n' tried instead on input line 699.
LaTeX Font Info:    Font shape `OT1/phv/bx/sc' in size <11.04124> not available

(Font)              Font shape `OT1/phv/b/sc' tried instead on input line 699.
LaTeX Font Info:    Calculating math sizes for size <9.53561> on input line 735
.
 [1


]
LaTeX Font Info:    Calculating math sizes for size <8.03> on input line 764.
LaTeX Font Info:    Calculating math sizes for size <5.62097> on input line 766
.


LaTeX Font Warning: Font shape `OT1/cmr/m/n' in size <2.81049> not available
(Font)              size <5> substituted on input line 766.


LaTeX Font Warning: Font shape `OML/cmm/m/it' in size <2.81049> not available
(Font)              size <5> substituted on input line 766.


LaTeX Font Warning: Font shape `OMS/cmsy/m/n' in size <2.81049> not available
(Font)              size <5> substituted on input line 766.

LaTeX Font Info:    Font shape `OT1/ppl/bx/n' in size <6.62196> not available
(Font)              Font shape `OT1/ppl/b/n' tried instead on input line 795.

LaTeX Warning: `h' float specifier changed to `ht'.

[2]
LaTeX Font Info:    Font shape `OT1/phv/bx/n' in size <9.53561> not available
(Font)              Font shape `OT1/phv/b/n' tried instead on input line 852.
 [3]
Overfull \hbox (6.0225pt too wide) in paragraph at lines 942--953
 [][]$[]$ 
 []

[4]
Underfull \hbox (badness 1509) in paragraph at lines 973--973
 \OT1/phv/b/n/9.53561 3.3 Ex-ploit-ing the s-parse syn-dromes to ac-cel-er-ate
 []

File: ./fig/memsol1.eps Graphic file (type eps)
<./fig/memsol1.eps>
File: ./fig/memsol2.eps Graphic file (type eps)
 <./fig/memsol2.eps> [5]
Overfull \hbox (6.0225pt too wide) in paragraph at lines 1036--1053
 [][]$[]$ 
 []

File: ./fig/orthogonalfun.eps Graphic file (type eps)
<./fig/orthogonalfun.eps> [6]
File: ./fig/siggen-v1.eps Graphic file (type eps)
 <./fig/siggen-v1.eps>
File: ./fig/siggen-v2.eps Graphic file (type eps)
 <./fig/siggen-v2.eps>
File: ./fig/timingdiagram.eps Graphic file (type eps)

<./fig/timingdiagram.eps>
Overfull \hbox (6.0225pt too wide) in paragraph at lines 1089--1090
 [][][] 
 []

[7]
File: ./fig/blss.eps Graphic file (type eps)
 <./fig/blss.eps>
Overfull \hbox (6.0225pt too wide) in paragraph at lines 1098--1099
 [][][] 
 []


Underfull \vbox (badness 1337) has occurred while \output is active []


Underfull \vbox (badness 10000) has occurred while \output is active []

 [8]
File: ./fig/sigverifier.eps Graphic file (type eps)

<./fig/sigverifier.eps>
Overfull \hbox (6.0225pt too wide) in paragraph at lines 1115--1116
 [][][] 
 []


Overfull \hbox (25.97118pt too wide) in paragraph at lines 1151--1176
 [][][] 
 []

[9]
Underfull \vbox (badness 10000) has occurred while \output is active []


(C:\Users\RSPC\Dropbox\LDGM_Code\paper\IEEEtran\bare_adv.bbl
Underfull \hbox (badness 1622) in paragraph at lines 46--50
\OT1/ppl/m/n/8.03 a Mceliece-based dig-i-tal sig-na-ture scheme,'' in \OT1/ppl/
m/it/8.03 Ad-vances in
 []

[10]
Underfull \hbox (badness 1558) in paragraph at lines 81--83
[][]\OT1/ppl/m/n/8.03 M. Fini-asz, ``Parallel-CFS,'' in \OT1/ppl/m/it/8.03 S-e-
lect-ed ar-eas in cryp-tog-ra-phy\OT1/ppl/m/n/8.03 .
 []

) [11] (C:\Users\RSPC\Dropbox\LDGM_Code\paper\IEEEtran\bare_adv.aux)

LaTeX Font Warning: Size substitutions with differences
(Font)              up to 2.18951pt have occurred.


LaTeX Warning: Label(s) may have changed. Rerun to get cross-references right.

 ) 
Here is how much of TeX's memory you used:
 5932 strings out of 495363
 91205 string characters out of 3182927
 197643 words of memory out of 3000000
 9048 multiletter control sequences out of 15000+200000
 36817 words of font info for 97 fonts, out of 3000000 for 9000
 17 hyphenation exceptions out of 8191
 36i,25n,38p,2467b,450s stack positions out of 5000i,500n,10000p,200000b,50000s

Output written on bare_adv.dvi (11 pages, 92204 bytes).
