This is pdfTeX, Version 3.1415926-2.4-1.40.13 (MiKTeX 2.9 64-bit) (preloaded format=pdftex 2014.10.27)  13 APR 2016 13:47
entering extended mode
**C:/Users/RSPC/Dropbox/LDGC_Code/paper/IEEEtran/reference.bib
(C:/Users/RSPC/Dropbox/LDGC_Code/paper/IEEEtran/reference.bib
Overfull \hbox (32.13506pt too wide) in paragraph at lines 12--18
[]\tenrm @bookling2004coding, ti-tle=Coding the-ory: a first course, au-thor=Li
ng, San, year=2004, pub-lisher=Cambridge|

\hbox(6.94444+1.94444)x469.75499, glue set - 1.0
.\hbox(0.0+0.0)x20.0
.\tenrm @
.\tenrm b
.\kern0.27779
.\tenrm o
.etc.

! Missing $ inserted.
<inserted text> 
                $
<to be read again> 
                   _
l.19 @book{ellen_
                 goppa,
? 
! Emergency stop.
<inserted text> 
                $
<to be read again> 
                   _
l.19 @book{ellen_
                 goppa,
End of file on the terminal!

!  ==> Fatal error occurred, no output PDF file produced!
