CoreGen has not been configured with any user repositories.
CoreGen has been configured with the following Xilinx repositories:
 - '/home/david/Xilinx/ISE13.2/ISE_DS/ISE/coregen/' [reloaded]
INFO:sim - Generating component instance 'B1' of 'xilinx.com:ip:blk_mem_gen:6.2'
   from
   '/home/david/Xilinx/ISE13.2/ISE_DS/ISE/coregen/ip/xilinx/primary/com/xilinx/i
   p/blk_mem_gen_v6_2/component.xml'.
Resolving generics for 'B1'...
Applying external generics to 'B1'...
Delivering associated files for 'B1'...
WARNING:sim - Can't find 'Verilog' synthesis view; using general synthesis view
Delivering EJava files for 'B1'...
Generating implementation netlist for 'B1'...
INFO:sim - Pre-processing HDL files for 'B1'...
Running synthesis for 'B1'
Writing VEO instantiation template for 'B1'...
Writing Verilog behavioral simulation model for 'B1'...
Generating ASY schematic symbol...
Generating SYM schematic symbol for 'B1'...
Generating metadata file...
Generating metadata file...
Generating ISE project...
Generating README file...
Generating FLIST file...
INFO:sim - Finished FLIST file generation.
Launching README viewer...
Moving files to output directory...
Finished moving files to output directory
Wrote CGP file for project 'B1'.
