CoreGen has not been configured with any user repositories.
CoreGen has been configured with the following Xilinx repositories:
 - '/home/david/Xilinx/ISE13.2/ISE_DS/ISE/coregen/' [reloaded]
INFO:sim - Generating component instance 'fifo_13_to_13' of
   'xilinx.com:ip:fifo_generator:8.2' from
   '/home/david/Xilinx/ISE13.2/ISE_DS/ISE/coregen/ip/xilinx/primary/com/xilinx/i
   p/fifo_generator_v8_2/component.xml'.
Applying current project options...
Finished applying current project options.
WARNING:sim - A core named 'fifo_13_to_13' already exists in the project. Output
   products for this core may be overwritten.
Resolving generics for 'fifo_13_to_13'...
WARNING:sim - A core named 'fifo_13_to_13' already exists in the project. Output
   products for this core may be overwritten.
Applying external generics to 'fifo_13_to_13'...
Delivering associated files for 'fifo_13_to_13'...
WARNING:sim - Can't find 'Verilog' synthesis view; using general synthesis view
Delivering EJava files for 'fifo_13_to_13'...
Generating implementation netlist for 'fifo_13_to_13'...
INFO:sim - Pre-processing HDL files for 'fifo_13_to_13'...
WARNING:sim - BlackBox generator run option '-ifmt' found multiple times. Only
   the first occurence is considered.
Running synthesis for 'fifo_13_to_13'
Writing VEO instantiation template for 'fifo_13_to_13'...
Writing Verilog behavioral simulation model for 'fifo_13_to_13'...
Generating ASY schematic symbol...
Generating SYM schematic symbol for 'fifo_13_to_13'...
Generating metadata file...
Generating metadata file...
Generating ISE project...
Generating README file...
Generating FLIST file...
INFO:sim - Finished FLIST file generation.
Launching README viewer...
Moving files to output directory...
Finished moving files to output directory
Wrote CGP file for project 'fifo_13_to_13'.
